android-app/app/build/intermediates/manifest_merge_blame_file/debug/processDebugMainManifest/manifest-merger-blame-debug-report.txt
1<?xml version="1.0" encoding="utf-8"?>
2<manifest xmlns:android="http://schemas.android.com/apk/res/android"
3    package="io.github.xgl34222220.luoshu.debug"
4    android:versionCode="3030001"
5    android:versionName="3.3.0-debug" >
6
7    <uses-sdk
7-->INJECTED
8        android:minSdkVersion="28"
8-->INJECTED
9        android:targetSdkVersion="36" />
9-->INJECTED
10
11    <uses-permission android:name="android.permission.INTERNET" />
11-->src/main/AndroidManifest.xml:4:5-67
11-->src/main/AndroidManifest.xml:4:22-64
12    <uses-permission android:name="android.permission.POST_NOTIFICATIONS" />
12-->src/main/AndroidManifest.xml:5:5-77
12-->src/main/AndroidManifest.xml:5:22-74
13    <uses-permission android:name="android.permission.FOREGROUND_SERVICE" />
13-->src/main/AndroidManifest.xml:6:5-77
13-->src/main/AndroidManifest.xml:6:22-74
14    <uses-permission android:name="android.permission.FOREGROUND_SERVICE_DATA_SYNC" />
14-->src/main/AndroidManifest.xml:7:5-87
14-->src/main/AndroidManifest.xml:7:22-84
15
16    <permission
16-->[androidx.core:core:1.18.0] AndroidManifest.xml:22:5-24:47
17        android:name="io.github.xgl34222220.luoshu.debug.DYNAMIC_RECEIVER_NOT_EXPORTED_PERMISSION"
17-->[androidx.core:core:1.18.0] AndroidManifest.xml:23:9-81
18        android:protectionLevel="signature" />
18-->[androidx.core:core:1.18.0] AndroidManifest.xml:24:9-44
19
20    <uses-permission android:name="io.github.xgl34222220.luoshu.debug.DYNAMIC_RECEIVER_NOT_EXPORTED_PERMISSION" />
20-->[androidx.core:core:1.18.0] AndroidManifest.xml:26:5-97
20-->[androidx.core:core:1.18.0] AndroidManifest.xml:26:22-94
21
22    <application
22-->src/main/AndroidManifest.xml:9:5-42:19
23        android:name="io.github.xgl34222220.luoshu.LuoShuApplication"
23-->src/main/AndroidManifest.xml:10:9-42
24        android:allowBackup="false"
24-->src/main/AndroidManifest.xml:11:9-36
25        android:appComponentFactory="androidx.core.app.CoreComponentFactory"
25-->[androidx.core:core:1.18.0] AndroidManifest.xml:28:18-86
26        android:extractNativeLibs="false"
26-->INJECTED
27        android:hardwareAccelerated="true"
27-->src/main/AndroidManifest.xml:12:9-43
28        android:icon="@mipmap/ic_luoshu"
28-->src/main/AndroidManifest.xml:13:9-41
29        android:label="@string/app_name"
29-->src/main/AndroidManifest.xml:15:9-41
30        android:roundIcon="@mipmap/ic_luoshu"
30-->src/main/AndroidManifest.xml:14:9-46
31        android:supportsRtl="true"
31-->src/main/AndroidManifest.xml:16:9-35
32        android:theme="@style/Theme.LuoShuHybrid"
32-->src/main/AndroidManifest.xml:17:9-50
33        android:usesCleartextTraffic="false" >
33-->src/main/AndroidManifest.xml:18:9-45
34        <activity
34-->src/main/AndroidManifest.xml:20:9-27:20
35            android:name="io.github.xgl34222220.luoshu.MainActivity"
35-->src/main/AndroidManifest.xml:21:13-41
36            android:exported="true" >
36-->src/main/AndroidManifest.xml:22:13-36
37            <intent-filter>
37-->src/main/AndroidManifest.xml:23:13-26:29
38                <action android:name="android.intent.action.MAIN" />
38-->src/main/AndroidManifest.xml:24:17-69
38-->src/main/AndroidManifest.xml:24:25-66
39
40                <category android:name="android.intent.category.LAUNCHER" />
40-->src/main/AndroidManifest.xml:25:17-77
40-->src/main/AndroidManifest.xml:25:27-74
41            </intent-filter>
42        </activity>
43        <activity
43-->src/main/AndroidManifest.xml:29:9-31:40
44            android:name="io.github.xgl34222220.luoshu.TaskCenterActivity"
44-->src/main/AndroidManifest.xml:30:13-47
45            android:exported="false" />
45-->src/main/AndroidManifest.xml:31:13-37
46
47        <service
47-->src/main/AndroidManifest.xml:33:9-37:44
48            android:name="io.github.xgl34222220.luoshu.NativeImportForegroundService"
48-->src/main/AndroidManifest.xml:34:13-58
49            android:exported="false"
49-->src/main/AndroidManifest.xml:35:13-37
50            android:foregroundServiceType="dataSync"
50-->src/main/AndroidManifest.xml:36:13-53
51            android:stopWithTask="false" />
51-->src/main/AndroidManifest.xml:37:13-41
52
53        <receiver
53-->src/main/AndroidManifest.xml:39:9-41:40
54            android:name="io.github.xgl34222220.luoshu.NativeImportActionReceiver"
54-->src/main/AndroidManifest.xml:40:13-55
55            android:exported="false" />
55-->src/main/AndroidManifest.xml:41:13-37
56
57        <activity
57-->[androidx.compose.ui:ui-tooling-android:1.10.5] AndroidManifest.xml:23:9-25:39
58            android:name="androidx.compose.ui.tooling.PreviewActivity"
58-->[androidx.compose.ui:ui-tooling-android:1.10.5] AndroidManifest.xml:24:13-71
59            android:exported="true" />
59-->[androidx.compose.ui:ui-tooling-android:1.10.5] AndroidManifest.xml:25:13-36
60
61        <uses-library
61-->[androidx.window:window:1.5.0] AndroidManifest.xml:23:9-25:40
62            android:name="androidx.window.extensions"
62-->[androidx.window:window:1.5.0] AndroidManifest.xml:24:13-54
63            android:required="false" />
63-->[androidx.window:window:1.5.0] AndroidManifest.xml:25:13-37
64        <uses-library
64-->[androidx.window:window:1.5.0] AndroidManifest.xml:26:9-28:40
65            android:name="androidx.window.sidecar"
65-->[androidx.window:window:1.5.0] AndroidManifest.xml:27:13-51
66            android:required="false" />
66-->[androidx.window:window:1.5.0] AndroidManifest.xml:28:13-37
67
68        <provider
68-->[androidx.emoji2:emoji2:1.4.0] AndroidManifest.xml:24:9-32:20
69            android:name="androidx.startup.InitializationProvider"
69-->[androidx.emoji2:emoji2:1.4.0] AndroidManifest.xml:25:13-67
70            android:authorities="io.github.xgl34222220.luoshu.debug.androidx-startup"
70-->[androidx.emoji2:emoji2:1.4.0] AndroidManifest.xml:26:13-68
71            android:exported="false" >
71-->[androidx.emoji2:emoji2:1.4.0] AndroidManifest.xml:27:13-37
72            <meta-data
72-->[androidx.emoji2:emoji2:1.4.0] AndroidManifest.xml:29:13-31:52
73                android:name="androidx.emoji2.text.EmojiCompatInitializer"
73-->[androidx.emoji2:emoji2:1.4.0] AndroidManifest.xml:30:17-75
74                android:value="androidx.startup" />
74-->[androidx.emoji2:emoji2:1.4.0] AndroidManifest.xml:31:17-49
75            <meta-data
75-->[androidx.lifecycle:lifecycle-process:2.10.0] AndroidManifest.xml:29:13-31:52
76                android:name="androidx.lifecycle.ProcessLifecycleInitializer"
76-->[androidx.lifecycle:lifecycle-process:2.10.0] AndroidManifest.xml:30:17-78
77                android:value="androidx.startup" />
77-->[androidx.lifecycle:lifecycle-process:2.10.0] AndroidManifest.xml:31:17-49
78            <meta-data
78-->[androidx.profileinstaller:profileinstaller:1.4.0] AndroidManifest.xml:29:13-31:52
79                android:name="androidx.profileinstaller.ProfileInstallerInitializer"
79-->[androidx.profileinstaller:profileinstaller:1.4.0] AndroidManifest.xml:30:17-85
80                android:value="androidx.startup" />
80-->[androidx.profileinstaller:profileinstaller:1.4.0] AndroidManifest.xml:31:17-49
81        </provider>
82
83        <receiver
83-->[androidx.profileinstaller:profileinstaller:1.4.0] AndroidManifest.xml:34:9-52:20
84            android:name="androidx.profileinstaller.ProfileInstallReceiver"
84-->[androidx.profileinstaller:profileinstaller:1.4.0] AndroidManifest.xml:35:13-76
85            android:directBootAware="false"
85-->[androidx.profileinstaller:profileinstaller:1.4.0] AndroidManifest.xml:36:13-44
86            android:enabled="true"
86-->[androidx.profileinstaller:profileinstaller:1.4.0] AndroidManifest.xml:37:13-35
87            android:exported="true"
87-->[androidx.profileinstaller:profileinstaller:1.4.0] AndroidManifest.xml:38:13-36
88            android:permission="android.permission.DUMP" >
88-->[androidx.profileinstaller:profileinstaller:1.4.0] AndroidManifest.xml:39:13-57
89            <intent-filter>
89-->[androidx.profileinstaller:profileinstaller:1.4.0] AndroidManifest.xml:40:13-42:29
90                <action android:name="androidx.profileinstaller.action.INSTALL_PROFILE" />
90-->[androidx.profileinstaller:profileinstaller:1.4.0] AndroidManifest.xml:41:17-91
90-->[androidx.profileinstaller:profileinstaller:1.4.0] AndroidManifest.xml:41:25-88
91            </intent-filter>
92            <intent-filter>
92-->[androidx.profileinstaller:profileinstaller:1.4.0] AndroidManifest.xml:43:13-45:29
93                <action android:name="androidx.profileinstaller.action.SKIP_FILE" />
93-->[androidx.profileinstaller:profileinstaller:1.4.0] AndroidManifest.xml:44:17-85
93-->[androidx.profileinstaller:profileinstaller:1.4.0] AndroidManifest.xml:44:25-82
94            </intent-filter>
95            <intent-filter>
95-->[androidx.profileinstaller:profileinstaller:1.4.0] AndroidManifest.xml:46:13-48:29
96                <action android:name="androidx.profileinstaller.action.SAVE_PROFILE" />
96-->[androidx.profileinstaller:profileinstaller:1.4.0] AndroidManifest.xml:47:17-88
96-->[androidx.profileinstaller:profileinstaller:1.4.0] AndroidManifest.xml:47:25-85
97            </intent-filter>
98            <intent-filter>
98-->[androidx.profileinstaller:profileinstaller:1.4.0] AndroidManifest.xml:49:13-51:29
99                <action android:name="androidx.profileinstaller.action.BENCHMARK_OPERATION" />
99-->[androidx.profileinstaller:profileinstaller:1.4.0] AndroidManifest.xml:50:17-95
99-->[androidx.profileinstaller:profileinstaller:1.4.0] AndroidManifest.xml:50:25-92
100            </intent-filter>
101        </receiver>
102    </application>
103
104</manifest>